<?xml version="1.0" encoding="UTF-8"?>
<!-- Generated by org.testng.reporters.JUnitReportReporter -->
<testsuite hostname="DESKTOP-L8VPHJS" failures="0" tests="1" name="runners.MyTestRunner" time="3.072" errors="0" timestamp="2023-12-19T12:02:15 IST" skipped="0">
  <testcase classname="runners.MyTestRunner" name="runScenario" time="3.072"/>
  <system-out/>
</testsuite> <!-- runners.MyTestRunner -->
